<?xml version="1.0" encoding="UTF-8"?>
<testng-results skipped="0" failed="0" ignored="0" total="2" passed="2">
  <reporter-output>
  </reporter-output>
  <suite name="Suite1" duration-ms="25272" started-at="2021-12-19T11:03:58 IST" finished-at="2021-12-19T11:04:24 IST">
    <groups>
      <group name="smoke">
        <method signature="DataProviderTest.test(java.lang.String,java.lang.String)[pri:0, instance:testngsuite.DataProviderTest@2a70a3d8]" name="test" class="testngsuite.DataProviderTest"/>
      </group> <!-- smoke -->
      <group name="sanity">
        <method signature="DataProviderTest.test(java.lang.String,java.lang.String)[pri:0, instance:testngsuite.DataProviderTest@2a70a3d8]" name="test" class="testngsuite.DataProviderTest"/>
      </group> <!-- sanity -->
    </groups>
    <test name="test1" duration-ms="25272" started-at="2021-12-19T11:03:58 IST" finished-at="2021-12-19T11:04:24 IST">
      <class name="testngsuite.DataProviderTest">
        <test-method status="PASS" signature="setUP()[pri:0, instance:testngsuite.DataProviderTest@2a70a3d8]" name="setUP" is-config="true" duration-ms="11194" started-at="2021-12-19T11:03:58 IST" finished-at="2021-12-19T11:04:10 IST">
          <reporter-output>
          </reporter-output>
        </test-method> <!-- setUP -->
        <test-method status="PASS" signature="test(java.lang.String,java.lang.String)[pri:0, instance:testngsuite.DataProviderTest@2a70a3d8]" name="test" duration-ms="1891" started-at="2021-12-19T11:04:10 IST" data-provider="login" finished-at="2021-12-19T11:04:12 IST">
          <params>
            <param index="0">
              <value>
                <![CDATA[Savita20]]>
              </value>
            </param>
            <param index="1">
              <value>
                <![CDATA[@Savita20]]>
              </value>
            </param>
          </params>
          <reporter-output>
          </reporter-output>
        </test-method> <!-- test -->
        <test-method status="PASS" signature="tearDown()[pri:0, instance:testngsuite.DataProviderTest@2a70a3d8]" name="tearDown" is-config="true" duration-ms="303" started-at="2021-12-19T11:04:12 IST" finished-at="2021-12-19T11:04:12 IST">
          <reporter-output>
          </reporter-output>
        </test-method> <!-- tearDown -->
        <test-method status="PASS" signature="setUP()[pri:0, instance:testngsuite.DataProviderTest@2a70a3d8]" name="setUP" is-config="true" duration-ms="8852" started-at="2021-12-19T11:04:12 IST" finished-at="2021-12-19T11:04:21 IST">
          <reporter-output>
          </reporter-output>
        </test-method> <!-- setUP -->
        <test-method status="PASS" signature="test(java.lang.String,java.lang.String)[pri:0, instance:testngsuite.DataProviderTest@2a70a3d8]" name="test" duration-ms="2637" started-at="2021-12-19T11:04:21 IST" data-provider="login" finished-at="2021-12-19T11:04:23 IST">
          <params>
            <param index="0">
              <value>
                <![CDATA[mercury]]>
              </value>
            </param>
            <param index="1">
              <value>
                <![CDATA[mercury]]>
              </value>
            </param>
          </params>
          <reporter-output>
          </reporter-output>
        </test-method> <!-- test -->
        <test-method status="PASS" signature="tearDown()[pri:0, instance:testngsuite.DataProviderTest@2a70a3d8]" name="tearDown" is-config="true" duration-ms="301" started-at="2021-12-19T11:04:23 IST" finished-at="2021-12-19T11:04:24 IST">
          <reporter-output>
          </reporter-output>
        </test-method> <!-- tearDown -->
      </class> <!-- testngsuite.DataProviderTest -->
    </test> <!-- test1 -->
  </suite> <!-- Suite1 -->
</testng-results>
